This is pdfTeX, Version 3.141592653-2.6-1.40.25 (MiKTeX 24.1) (preloaded format=pdflatex 2025.2.19)  9 APR 2025 16:16
entering extended mode
 restricted \write18 enabled.
 file:line:error style messages enabled.
 %&-line parsing enabled.
**"c:/Users/usuario/OneDrive - UNIVERSIDAD DE SEVILLA/Escritorio/Doctorado/Tesis/LaTeX/main.tex"
(c:/Users/usuario/OneDrive - UNIVERSIDAD DE SEVILLA/Escritorio/Doctorado/Tesis/LaTeX/main.tex
LaTeX2e <2023-11-01> patch level 1
L3 programming layer <2024-01-04>
(C:\Users\usuario\AppData\Local\Programs\MiKTeX\tex/latex/base\report.cls
Document Class: report 2023/05/17 v1.4n Standard LaTeX document class
(C:\Users\usuario\AppData\Local\Programs\MiKTeX\tex/latex/base\size12.clo
File: size12.clo 2023/05/17 v1.4n Standard LaTeX file (size option)
)
\c@part=\count187
\c@chapter=\count188
\c@section=\count189
\c@subsection=\count190
\c@subsubsection=\count191
\c@paragraph=\count192
\c@subparagraph=\count193
\c@figure=\count194
\c@table=\count195
\abovecaptionskip=\skip48
\belowcaptionskip=\skip49
\bibindent=\dimen140
) (Packages.tex (C:\Users\usuario\AppData\Local\Programs\MiKTeX\tex/latex/base\inputenc.sty
Package: inputenc 2021/02/14 v1.3d Input encoding file
\inpenc@prehook=\toks17
\inpenc@posthook=\toks18
) (C:\Users\usuario\AppData\Local\Programs\MiKTeX\tex/latex/graphics\graphicx.sty
Package: graphicx 2021/09/16 v1.2d Enhanced LaTeX Graphics (DPC,SPQR)
 (C:\Users\usuario\AppData\Local\Programs\MiKTeX\tex/latex/graphics\keyval.sty
Package: keyval 2022/05/29 v1.15 key=value parser (DPC)
\KV@toks@=\toks19
) (C:\Users\usuario\AppData\Local\Programs\MiKTeX\tex/latex/graphics\graphics.sty
Package: graphics 2022/03/10 v1.4e Standard LaTeX Graphics (DPC,SPQR)
 (C:\Users\usuario\AppData\Local\Programs\MiKTeX\tex/latex/graphics\trig.sty
Package: trig 2021/08/11 v1.11 sin cos tan (DPC)
) (C:\Users\usuario\AppData\Local\Programs\MiKTeX\tex/latex/graphics-cfg\graphics.cfg
File: graphics.cfg 2016/06/04 v1.11 sample graphics configuration
)
Package graphics Info: Driver file: pdftex.def on input line 107.
 (C:\Users\usuario\AppData\Local\Programs\MiKTeX\tex/latex/graphics-def\pdftex.def
File: pdftex.def 2022/09/22 v1.2b Graphics/color driver for pdftex
))
\Gin@req@height=\dimen141
\Gin@req@width=\dimen142
) (caratula.sty
Package: caratula 2009/11/10 v1.0 Para componer caratulas de Trabajo de Fin de Master. Autora: Rafaella Fiorelli Martegani
) (C:\Users\usuario\AppData\Local\Programs\MiKTeX\tex/latex/geometry\geometry.sty
Package: geometry 2020/01/02 v5.9 Page Geometry
 (C:\Users\usuario\AppData\Local\Programs\MiKTeX\tex/generic/iftex\ifvtex.sty
Package: ifvtex 2019/10/25 v1.7 ifvtex legacy package. Use iftex instead.
 (C:\Users\usuario\AppData\Local\Programs\MiKTeX\tex/generic/iftex\iftex.sty
Package: iftex 2022/02/03 v1.0f TeX engine tests
))
\Gm@cnth=\count196
\Gm@cntv=\count197
\c@Gm@tempcnt=\count198
\Gm@bindingoffset=\dimen143
\Gm@wd@mp=\dimen144
\Gm@odd@mp=\dimen145
\Gm@even@mp=\dimen146
\Gm@layoutwidth=\dimen147
\Gm@layoutheight=\dimen148
\Gm@layouthoffset=\dimen149
\Gm@layoutvoffset=\dimen150
\Gm@dimlist=\toks20
 (C:\Users\usuario\AppData\Local\Programs\MiKTeX\tex/latex/geometry\geometry.cfg)) (C:\Users\usuario\AppData\Local\Programs\MiKTeX\tex/latex/fancyhdr\fancyhdr.sty
Package: fancyhdr 2025/01/07 v5.1.1 Extensive control of page headers and footers
\f@nch@headwidth=\skip50
\f@nch@offset@elh=\skip51
\f@nch@offset@erh=\skip52
\f@nch@offset@olh=\skip53
\f@nch@offset@orh=\skip54
\f@nch@offset@elf=\skip55
\f@nch@offset@erf=\skip56
\f@nch@offset@olf=\skip57
\f@nch@offset@orf=\skip58
\f@nch@height=\skip59
\f@nch@footalignment=\skip60
\f@nch@widthL=\skip61
\f@nch@widthC=\skip62
\f@nch@widthR=\skip63
\@temptokenb=\toks21
) (C:\Users\usuario\AppData\Local\Programs\MiKTeX\tex/latex/siunitx\siunitx.sty
Package: siunitx 2025-01-21 v3.4.4 A comprehensive (SI) units package
\l__siunitx_number_uncert_offset_int=\count199
\l__siunitx_number_exponent_fixed_int=\count266
\l__siunitx_number_min_decimal_int=\count267
\l__siunitx_number_min_integer_int=\count268
\l__siunitx_number_round_precision_int=\count269
\l__siunitx_number_lower_threshold_int=\count270
\l__siunitx_number_upper_threshold_int=\count271
\l__siunitx_number_group_first_int=\count272
\l__siunitx_number_group_size_int=\count273
\l__siunitx_number_group_minimum_int=\count274
\l__siunitx_angle_tmp_dim=\dimen151
\l__siunitx_angle_marker_box=\box51
\l__siunitx_angle_unit_box=\box52
\l__siunitx_compound_count_int=\count275
 (C:\Users\usuario\AppData\Local\Programs\MiKTeX\tex/latex/translations\translations.sty
Package: translations 2022/02/05 v1.12 internationalization of LaTeX2e packages (CN)
 (C:\Users\usuario\AppData\Local\Programs\MiKTeX\tex/latex/etoolbox\etoolbox.sty
Package: etoolbox 2020/10/05 v2.5k e-TeX tools for LaTeX (JAW)
\etb@tempcnta=\count276
) (C:\Users\usuario\AppData\Local\Programs\MiKTeX\tex/generic/pdftexcmds\pdftexcmds.sty
Package: pdftexcmds 2020-06-27 v0.33 Utility functions of pdfTeX for LuaTeX (HO)
 (C:\Users\usuario\AppData\Local\Programs\MiKTeX\tex/generic/infwarerr\infwarerr.sty
Package: infwarerr 2019/12/03 v1.5 Providing info/warning/error messages (HO)
) (C:\Users\usuario\AppData\Local\Programs\MiKTeX\tex/generic/ltxcmds\ltxcmds.sty
Package: ltxcmds 2023-12-04 v1.26 LaTeX kernel commands for general use (HO)
)
Package pdftexcmds Info: \pdf@primitive is available.
Package pdftexcmds Info: \pdf@ifprimitive is available.
Package pdftexcmds Info: \pdfdraftmode found.
)) (C:\Users\usuario\AppData\Local\Programs\MiKTeX\tex/latex/amsmath\amstext.sty
Package: amstext 2021/08/26 v2.01 AMS text
 (C:\Users\usuario\AppData\Local\Programs\MiKTeX\tex/latex/amsmath\amsgen.sty
File: amsgen.sty 1999/11/30 v2.0 generic functions
\@emptytoks=\toks22
\ex@=\dimen152
))
\l__siunitx_table_tmp_box=\box53
\l__siunitx_table_tmp_dim=\dimen153
\l__siunitx_table_column_width_dim=\dimen154
\l__siunitx_table_integer_box=\box54
\l__siunitx_table_decimal_box=\box55
\l__siunitx_table_uncert_box=\box56
\l__siunitx_table_before_box=\box57
\l__siunitx_table_after_box=\box58
\l__siunitx_table_before_dim=\dimen155
\l__siunitx_table_carry_dim=\dimen156
\l__siunitx_unit_tmp_int=\count277
\l__siunitx_unit_position_int=\count278
\l__siunitx_unit_total_int=\count279
 (C:\Users\usuario\AppData\Local\Programs\MiKTeX\tex/latex/tools\array.sty
Package: array 2023/10/16 v2.5g Tabular extension package (FMi)
\col@sep=\dimen157
\ar@mcellbox=\box59
\extrarowheight=\dimen158
\NC@list=\toks23
\extratabsurround=\skip64
\backup@length=\skip65
\ar@cellbox=\box60
))

Package siunitx Info: Option "separate-uncertainty" has been deprecated in
(siunitx)             this release.
(siunitx)             
(siunitx)             Use "uncertainty-mode = separate" as a replacement.


Package siunitx Info: Option "group-digits = false" has been deprecated in
(siunitx)             this release.
(siunitx)             
(siunitx)             Use "group-digits = none" as a replacement.

 (C:\Users\usuario\AppData\Local\Programs\MiKTeX\tex/latex/booktabs\booktabs.sty
Package: booktabs 2020/01/12 v1.61803398 Publication quality tables
\heavyrulewidth=\dimen159
\lightrulewidth=\dimen160
\cmidrulewidth=\dimen161
\belowrulesep=\dimen162
\belowbottomsep=\dimen163
\aboverulesep=\dimen164
\abovetopsep=\dimen165
\cmidrulesep=\dimen166
\cmidrulekern=\dimen167
\defaultaddspace=\dimen168
\@cmidla=\count280
\@cmidlb=\count281
\@aboverulesep=\dimen169
\@belowrulesep=\dimen170
\@thisruleclass=\count282
\@lastruleclass=\count283
\@thisrulewidth=\dimen171
) (C:\Users\usuario\AppData\Local\Programs\MiKTeX\tex/latex/eurosym\eurosym.sty
Package: eurosym 1998/08/06 v1.1 European currency symbol ``Euro''
\@eurobox=\box61
) (C:\Users\usuario\AppData\Local\Programs\MiKTeX\tex/latex/xcolor\xcolor.sty
Package: xcolor 2023/11/15 v3.01 LaTeX color extensions (UK)
 (C:\Users\usuario\AppData\Local\Programs\MiKTeX\tex/latex/graphics-cfg\color.cfg
File: color.cfg 2016/01/02 v1.6 sample color configuration
)
Package xcolor Info: Driver file: pdftex.def on input line 274.
 (C:\Users\usuario\AppData\Local\Programs\MiKTeX\tex/latex/graphics\mathcolor.ltx)
Package xcolor Info: Model `cmy' substituted by `cmy0' on input line 1350.
Package xcolor Info: Model `hsb' substituted by `rgb' on input line 1354.
Package xcolor Info: Model `RGB' extended on input line 1366.
Package xcolor Info: Model `HTML' substituted by `rgb' on input line 1368.
Package xcolor Info: Model `Hsb' substituted by `hsb' on input line 1369.
Package xcolor Info: Model `tHsb' substituted by `hsb' on input line 1370.
Package xcolor Info: Model `HSB' substituted by `hsb' on input line 1371.
Package xcolor Info: Model `Gray' substituted by `gray' on input line 1372.
Package xcolor Info: Model `wave' substituted by `hsb' on input line 1373.
) (C:\Users\usuario\AppData\Local\Programs\MiKTeX\tex/latex/colortbl\colortbl.sty
Package: colortbl 2024/07/06 v1.0i Color table columns (DPC)
\everycr=\toks24
\minrowclearance=\skip66
\rownum=\count284
) (C:\Users\usuario\AppData\Local\Programs\MiKTeX\tex/latex/graphics\dvipsnam.def
File: dvipsnam.def 2016/06/17 v3.0m Driver-dependent file (DPC,SPQR)
) (C:\Users\usuario\AppData\Local\Programs\MiKTeX\tex/latex/caption\caption.sty
Package: caption 2023/08/05 v3.6o Customizing captions (AR)
 (C:\Users\usuario\AppData\Local\Programs\MiKTeX\tex/latex/caption\caption3.sty
Package: caption3 2023/07/31 v2.4d caption3 kernel (AR)
\caption@tempdima=\dimen172
\captionmargin=\dimen173
\caption@leftmargin=\dimen174
\caption@rightmargin=\dimen175
\caption@width=\dimen176
\caption@indent=\dimen177
\caption@parindent=\dimen178
\caption@hangindent=\dimen179
Package caption Info: Standard document class detected.
)
\c@caption@flags=\count285
\c@continuedfloat=\count286
) (C:\Users\usuario\AppData\Local\Programs\MiKTeX\tex/latex/float\float.sty
Package: float 2001/11/08 v1.3d Float enhancements (AL)
\c@float@type=\count287
\float@exts=\toks25
\float@box=\box62
\@float@everytoks=\toks26
\@floatcapt=\box63
)
\@float@every@table=\toks27
 (C:\Users\usuario\AppData\Local\Programs\MiKTeX\tex/latex/placeins\placeins.sty
Package: placeins 2005/04/18  v 2.2
) (C:\Users\usuario\AppData\Local\Programs\MiKTeX\tex/latex/amsmath\amsmath.sty
Package: amsmath 2023/05/13 v2.17o AMS math features
\@mathmargin=\skip67

For additional information on amsmath, use the `?' option.
(C:\Users\usuario\AppData\Local\Programs\MiKTeX\tex/latex/amsmath\amsbsy.sty
Package: amsbsy 1999/11/29 v1.2d Bold Symbols
\pmbraise@=\dimen180
) (C:\Users\usuario\AppData\Local\Programs\MiKTeX\tex/latex/amsmath\amsopn.sty
Package: amsopn 2022/04/08 v2.04 operator names
)
\inf@bad=\count288
LaTeX Info: Redefining \frac on input line 234.
\uproot@=\count289
\leftroot@=\count290
LaTeX Info: Redefining \overline on input line 399.
LaTeX Info: Redefining \colon on input line 410.
\classnum@=\count291
\DOTSCASE@=\count292
LaTeX Info: Redefining \ldots on input line 496.
LaTeX Info: Redefining \dots on input line 499.
LaTeX Info: Redefining \cdots on input line 620.
\Mathstrutbox@=\box64
\strutbox@=\box65
LaTeX Info: Redefining \big on input line 722.
LaTeX Info: Redefining \Big on input line 723.
LaTeX Info: Redefining \bigg on input line 724.
LaTeX Info: Redefining \Bigg on input line 725.
\big@size=\dimen181
LaTeX Font Info:    Redeclaring font encoding OML on input line 743.
LaTeX Font Info:    Redeclaring font encoding OMS on input line 744.
\macc@depth=\count293
LaTeX Info: Redefining \bmod on input line 905.
LaTeX Info: Redefining \pmod on input line 910.
LaTeX Info: Redefining \smash on input line 940.
LaTeX Info: Redefining \relbar on input line 970.
LaTeX Info: Redefining \Relbar on input line 971.
\c@MaxMatrixCols=\count294
\dotsspace@=\muskip16
\c@parentequation=\count295
\dspbrk@lvl=\count296
\tag@help=\toks28
\row@=\count297
\column@=\count298
\maxfields@=\count299
\andhelp@=\toks29
\eqnshift@=\dimen182
\alignsep@=\dimen183
\tagshift@=\dimen184
\tagwidth@=\dimen185
\totwidth@=\dimen186
\lineht@=\dimen187
\@envbody=\toks30
\multlinegap=\skip68
\multlinetaggap=\skip69
\mathdisplay@stack=\toks31
LaTeX Info: Redefining \[ on input line 2953.
LaTeX Info: Redefining \] on input line 2954.
) (C:\Users\usuario\AppData\Local\Programs\MiKTeX\tex/latex/amscls\amsthm.sty
Package: amsthm 2020/05/29 v2.20.6
\thm@style=\toks32
\thm@bodyfont=\toks33
\thm@headfont=\toks34
\thm@notefont=\toks35
\thm@headpunct=\toks36
\thm@preskip=\skip70
\thm@postskip=\skip71
\thm@headsep=\skip72
\dth@everypar=\toks37
) (C:\Users\usuario\AppData\Local\Programs\MiKTeX\tex/latex/amsfonts\amsfonts.sty
Package: amsfonts 2013/01/14 v3.01 Basic AMSFonts support
\symAMSa=\mathgroup4
\symAMSb=\mathgroup5
LaTeX Font Info:    Redeclaring math symbol \hbar on input line 98.
LaTeX Font Info:    Overwriting math alphabet `\mathfrak' in version `bold'
(Font)                  U/euf/m/n --> U/euf/b/n on input line 106.
) (C:\Users\usuario\AppData\Local\Programs\MiKTeX\tex/latex/amsfonts\amssymb.sty
Package: amssymb 2013/01/14 v3.01 AMS font symbols
) (C:\Users\usuario\AppData\Local\Programs\MiKTeX\tex/latex/amsmath\amscd.sty
Package: amscd 2017/04/14 v2.1 AMS Commutative Diagrams
\athelp@=\toks38
\minaw@=\dimen188
\bigaw@=\dimen189
\minCDarrowwidth=\dimen190
) (C:\Users\usuario\AppData\Local\Programs\MiKTeX\tex/latex/lastpage\lastpage.sty
Package: lastpage 2025/01/27 v2.1e lastpage: 2.09 or 2e? (HMM)
 (C:\Users\usuario\AppData\Local\Programs\MiKTeX\tex/latex/lastpage\lastpage2e.sty
Package: lastpage2e 2025/01/27 v2.1e Decide which 2e lastpage version to use (HMM)
 (C:\Users\usuario\AppData\Local\Programs\MiKTeX\tex/latex/lastpage\lastpageclassic.sty
Package: lastpageclassic 2025/01/27 v2.1e Refers to last page's name (HMM; JPG)
) 
)) (C:\Users\usuario\AppData\Local\Programs\MiKTeX\tex/latex/tools\enumerate.sty
Package: enumerate 2023/07/04 v3.00 enumerate extensions (DPC)
\@enLab=\toks39
) (C:\Users\usuario\AppData\Local\Programs\MiKTeX\tex/latex/multirow\bigstrut.sty
Package: bigstrut 2024/11/12 v2.9 Provide larger struts in tabulars
\bigstrutjot=\dimen191
) (C:\Users\usuario\AppData\Local\Programs\MiKTeX\tex/latex/multirow\multirow.sty
Package: multirow 2024/11/12 v2.9 Span multiple rows of a table
\multirow@colwidth=\skip73
\multirow@cntb=\count300
\multirow@dima=\skip74
) (C:\Users\usuario\AppData\Local\Programs\MiKTeX\tex/latex/base\textcomp.sty
Package: textcomp 2020/02/02 v2.0n Standard LaTeX package
) (C:\Users\usuario\AppData\Local\Programs\MiKTeX\tex/latex/gensymb\gensymb.sty
Package: gensymb 2022/10/17 v1.0.2 (KJH)
) (C:\Users\usuario\AppData\Local\Programs\MiKTeX\tex/latex/jknappen\mathrsfs.sty
Package: mathrsfs 1996/01/01 Math RSFS package v1.0 (jk)
\symrsfs=\mathgroup6
) (C:\Users\usuario\AppData\Local\Programs\MiKTeX\tex/latex/listings\listings.sty
\lst@mode=\count301
\lst@gtempboxa=\box66
\lst@token=\toks40
\lst@length=\count302
\lst@currlwidth=\dimen192
\lst@column=\count303
\lst@pos=\count304
\lst@lostspace=\dimen193
\lst@width=\dimen194
\lst@newlines=\count305
\lst@lineno=\count306
\lst@maxwidth=\dimen195
 (C:\Users\usuario\AppData\Local\Programs\MiKTeX\tex/latex/listings\lstmisc.sty
File: lstmisc.sty 2023/02/27 1.9 (Carsten Heinz)
\c@lstnumber=\count307
\lst@skipnumbers=\count308
\lst@framebox=\box67
) (C:\Users\usuario\AppData\Local\Programs\MiKTeX\tex/latex/listings\listings.cfg
File: listings.cfg 2023/02/27 1.9 listings configuration
))
Package: listings 2023/02/27 1.9 (Carsten Heinz)
 (C:\Users\usuario\AppData\Local\Programs\MiKTeX\tex/latex/enumitem\enumitem.sty
Package: enumitem 2025/02/06 v3.11 Customized lists
\labelindent=\skip75
\enit@outerparindent=\dimen196
\enit@toks=\toks41
\enit@inbox=\box68
\enit@count@id=\count309
\enitdp@description=\count310
) (C:\Users\usuario\AppData\Local\Programs\MiKTeX\tex/latex/fancyvrb\fancyvrb.sty
Package: fancyvrb 2024/01/20 4.5c verbatim text (tvz,hv)
\FV@CodeLineNo=\count311
\FV@InFile=\read2
\FV@TabBox=\box69
\c@FancyVerbLine=\count312
\FV@StepNumber=\count313
\FV@OutFile=\write3
) (C:\Users\usuario\AppData\Local\Programs\MiKTeX\tex/latex/tools\calc.sty
Package: calc 2023/07/08 v4.3 Infix arithmetic (KKT,FJ)
\calc@Acount=\count314
\calc@Bcount=\count315
\calc@Adimen=\dimen197
\calc@Bdimen=\dimen198
\calc@Askip=\skip76
\calc@Bskip=\skip77
LaTeX Info: Redefining \setlength on input line 80.
LaTeX Info: Redefining \addtolength on input line 81.
\calc@Ccount=\count316
\calc@Cskip=\skip78
) (C:\Users\usuario\AppData\Local\Programs\MiKTeX\tex/latex/seqsplit\seqsplit.sty
Package: seqsplit 2006/08/07 v0.1 Splitting long sequences (DNA, RNA, proteins, etc.) 
) (C:\Users\usuario\AppData\Local\Programs\MiKTeX\tex/latex/subfig\subfig.sty
Package: subfig 2005/06/28 ver: 1.3 subfig package
\c@KVtest=\count317
\sf@farskip=\skip79
\sf@captopadj=\dimen199
\sf@capskip=\skip80
\sf@nearskip=\skip81
\c@subfigure=\count318
\c@subfigure@save=\count319
\c@lofdepth=\count320
\c@subtable=\count321
\c@subtable@save=\count322
\c@lotdepth=\count323
\sf@top=\skip82
\sf@bottom=\skip83
) (C:\Users\usuario\AppData\Local\Programs\MiKTeX\tex/latex/biblatex\biblatex.sty
Package: biblatex 2023/03/05 v3.19 programmable bibliographies (PK/MW)
 (C:\Users\usuario\AppData\Local\Programs\MiKTeX\tex/latex/kvoptions\kvoptions.sty
Package: kvoptions 2022-06-15 v3.15 Key value format for package options (HO)
 (C:\Users\usuario\AppData\Local\Programs\MiKTeX\tex/latex/kvsetkeys\kvsetkeys.sty
Package: kvsetkeys 2022-10-05 v1.19 Key value parser (HO)
)) (C:\Users\usuario\AppData\Local\Programs\MiKTeX\tex/latex/logreq\logreq.sty
Package: logreq 2010/08/04 v1.0 xml request logger
\lrq@indent=\count324
 (C:\Users\usuario\AppData\Local\Programs\MiKTeX\tex/latex/logreq\logreq.def
File: logreq.def 2010/08/04 v1.0 logreq spec v1.0
)) (C:\Users\usuario\AppData\Local\Programs\MiKTeX\tex/latex/base\ifthen.sty
Package: ifthen 2022/04/13 v1.1d Standard LaTeX ifthen package (DPC)
) (C:\Users\usuario\AppData\Local\Programs\MiKTeX\tex/latex/url\url.sty
\Urlmuskip=\muskip17
Package: url 2013/09/16  ver 3.4  Verb mode for urls, etc.
)
\c@tabx@nest=\count325
\c@listtotal=\count326
\c@listcount=\count327
\c@liststart=\count328
\c@liststop=\count329
\c@citecount=\count330
\c@citetotal=\count331
\c@multicitecount=\count332
\c@multicitetotal=\count333
\c@instcount=\count334
\c@maxnames=\count335
\c@minnames=\count336
\c@maxitems=\count337
\c@minitems=\count338
\c@citecounter=\count339
\c@maxcitecounter=\count340
\c@savedcitecounter=\count341
\c@uniquelist=\count342
\c@uniquename=\count343
\c@refsection=\count344
\c@refsegment=\count345
\c@maxextratitle=\count346
\c@maxextratitleyear=\count347
\c@maxextraname=\count348
\c@maxextradate=\count349
\c@maxextraalpha=\count350
\c@abbrvpenalty=\count351
\c@highnamepenalty=\count352
\c@lownamepenalty=\count353
\c@maxparens=\count354
\c@parenlevel=\count355
\blx@tempcnta=\count356
\blx@tempcntb=\count357
\blx@tempcntc=\count358
\c@blx@maxsection=\count359
\blx@maxsegment@0=\count360
\blx@notetype=\count361
\blx@parenlevel@text=\count362
\blx@parenlevel@foot=\count363
\blx@sectionciteorder@0=\count364
\blx@sectionciteorderinternal@0=\count365
\blx@entrysetcounter=\count366
\blx@biblioinstance=\count367
\labelnumberwidth=\skip84
\labelalphawidth=\skip85
\biblabelsep=\skip86
\bibitemsep=\skip87
\bibnamesep=\skip88
\bibinitsep=\skip89
\bibparsep=\skip90
\bibhang=\skip91
\blx@bcfin=\read3
\blx@bcfout=\write4
\blx@langwohyphens=\language79
\c@mincomprange=\count368
\c@maxcomprange=\count369
\c@mincompwidth=\count370
Package biblatex Info: Trying to load biblatex default data model...
Package biblatex Info: ... file 'blx-dm.def' found.
 (C:\Users\usuario\AppData\Local\Programs\MiKTeX\tex/latex/biblatex\blx-dm.def
File: blx-dm.def 2023/03/05 v3.19 biblatex localization (PK/MW)
)
Package biblatex Info: Trying to load biblatex style data model...
Package biblatex Info: ... file 'ieee.dbx' not found.
Package biblatex Info: Trying to load biblatex custom data model...
Package biblatex Info: ... file 'biblatex-dm.cfg' not found.
\c@afterword=\count371
\c@savedafterword=\count372
\c@annotator=\count373
\c@savedannotator=\count374
\c@author=\count375
\c@savedauthor=\count376
\c@bookauthor=\count377
\c@savedbookauthor=\count378
\c@commentator=\count379
\c@savedcommentator=\count380
\c@editor=\count381
\c@savededitor=\count382
\c@editora=\count383
\c@savededitora=\count384
\c@editorb=\count385
\c@savededitorb=\count386
\c@editorc=\count387
\c@savededitorc=\count388
\c@foreword=\count389
\c@savedforeword=\count390
\c@holder=\count391
\c@savedholder=\count392
\c@introduction=\count393
\c@savedintroduction=\count394
\c@namea=\count395
\c@savednamea=\count396
\c@nameb=\count397
\c@savednameb=\count398
\c@namec=\count399
\c@savednamec=\count400
\c@translator=\count401
\c@savedtranslator=\count402
\c@shortauthor=\count403
\c@savedshortauthor=\count404
\c@shorteditor=\count405
\c@savedshorteditor=\count406
\c@labelname=\count407
\c@savedlabelname=\count408
\c@institution=\count409
\c@savedinstitution=\count410
\c@lista=\count411
\c@savedlista=\count412
\c@listb=\count413
\c@savedlistb=\count414
\c@listc=\count415
\c@savedlistc=\count416
\c@listd=\count417
\c@savedlistd=\count418
\c@liste=\count419
\c@savedliste=\count420
\c@listf=\count421
\c@savedlistf=\count422
\c@location=\count423
\c@savedlocation=\count424
\c@organization=\count425
\c@savedorganization=\count426
\c@origlocation=\count427
\c@savedoriglocation=\count428
\c@origpublisher=\count429
\c@savedorigpublisher=\count430
\c@publisher=\count431
\c@savedpublisher=\count432
\c@language=\count433
\c@savedlanguage=\count434
\c@origlanguage=\count435
\c@savedoriglanguage=\count436
\c@pageref=\count437
\c@savedpageref=\count438
\shorthandwidth=\skip92
\shortjournalwidth=\skip93
\shortserieswidth=\skip94
\shorttitlewidth=\skip95
\shortauthorwidth=\skip96
\shorteditorwidth=\skip97
\locallabelnumberwidth=\skip98
\locallabelalphawidth=\skip99
\localshorthandwidth=\skip100
\localshortjournalwidth=\skip101
\localshortserieswidth=\skip102
\localshorttitlewidth=\skip103
\localshortauthorwidth=\skip104
\localshorteditorwidth=\skip105
Package biblatex Info: Trying to load compatibility code...
Package biblatex Info: ... file 'blx-compat.def' found.
 (C:\Users\usuario\AppData\Local\Programs\MiKTeX\tex/latex/biblatex\blx-compat.def
File: blx-compat.def 2023/03/05 v3.19 biblatex compatibility (PK/MW)
)
Package biblatex Info: Trying to load generic definitions...
Package biblatex Info: ... file 'biblatex.def' found.
 (C:\Users\usuario\AppData\Local\Programs\MiKTeX\tex/latex/biblatex\biblatex.def
File: biblatex.def 2023/03/05 v3.19 biblatex compatibility (PK/MW)
\c@textcitecount=\count439
\c@textcitetotal=\count440
\c@textcitemaxnames=\count441
\c@biburlbigbreakpenalty=\count442
\c@biburlbreakpenalty=\count443
\c@biburlnumpenalty=\count444
\c@biburlucpenalty=\count445
\c@biburllcpenalty=\count446
\biburlbigskip=\muskip18
\biburlnumskip=\muskip19
\biburlucskip=\muskip20
\biburllcskip=\muskip21
\c@smartand=\count447
)
Package biblatex Info: Trying to load bibliography style 'ieee'...
Package biblatex Info: ... file 'ieee.bbx' found.
 (C:\Users\usuario\AppData\Local\Programs\MiKTeX\tex/latex/biblatex-ieee\ieee.bbx
File: ieee.bbx 2025-03-14 v1.4e biblatex bibliography style
Package biblatex Info: Trying to load bibliography style 'numeric-comp'...
Package biblatex Info: ... file 'numeric-comp.bbx' found.
 (C:\Users\usuario\AppData\Local\Programs\MiKTeX\tex/latex/biblatex/bbx\numeric-comp.bbx
File: numeric-comp.bbx 2023/03/05 v3.19 biblatex bibliography style (PK/MW)
Package biblatex Info: Trying to load bibliography style 'numeric'...
Package biblatex Info: ... file 'numeric.bbx' found.
 (C:\Users\usuario\AppData\Local\Programs\MiKTeX\tex/latex/biblatex/bbx\numeric.bbx
File: numeric.bbx 2023/03/05 v3.19 biblatex bibliography style (PK/MW)
Package biblatex Info: Trying to load bibliography style 'standard'...
Package biblatex Info: ... file 'standard.bbx' found.
 (C:\Users\usuario\AppData\Local\Programs\MiKTeX\tex/latex/biblatex/bbx\standard.bbx
File: standard.bbx 2023/03/05 v3.19 biblatex bibliography style (PK/MW)
\c@bbx:relatedcount=\count448
\c@bbx:relatedtotal=\count449
)))

Package biblatex Warning: Macro 'volume+number' undefined.
(biblatex)                Using \newbibmacro.

)
Package biblatex Info: Trying to load citation style 'ieee'...
Package biblatex Info: ... file 'ieee.cbx' found.
 (C:\Users\usuario\AppData\Local\Programs\MiKTeX\tex/latex/biblatex-ieee\ieee.cbx
File: ieee.cbx 2025-03-14 v1.4e biblatex citation style
Package biblatex Info: Trying to load citation style 'numeric-verb'...
Package biblatex Info: ... file 'numeric-verb.cbx' found.
 (C:\Users\usuario\AppData\Local\Programs\MiKTeX\tex/latex/biblatex/cbx\numeric-verb.cbx
File: numeric-verb.cbx 2023/03/05 v3.19 biblatex citation style (PK/MW)
Package biblatex Info: Redefining '\cite'.
Package biblatex Info: Redefining '\parencite'.
Package biblatex Info: Redefining '\footcite'.
Package biblatex Info: Redefining '\footcitetext'.
Package biblatex Info: Redefining '\smartcite'.
Package biblatex Info: Redefining '\textcite'.
Package biblatex Info: Redefining '\supercite'.
Package biblatex Info: Redefining '\parencites'.
Package biblatex Info: Redefining '\smartcites'.
Package biblatex Info: Redefining '\textcites'.
))
Package biblatex Info: Trying to load configuration file...
Package biblatex Info: ... file 'biblatex.cfg' found.
 (C:\Users\usuario\AppData\Local\Programs\MiKTeX\tex/latex/biblatex\biblatex.cfg
File: biblatex.cfg 
)
Package biblatex Info: Input encoding 'utf8' detected.
Package biblatex Info: Document encoding is UTF8 ....
 (C:\Users\usuario\AppData\Local\Programs\MiKTeX\tex/latex/l3kernel\expl3.sty
Package: expl3 2024-01-04 L3 programming layer (loader) 
 (C:\Users\usuario\AppData\Local\Programs\MiKTeX\tex/latex/l3backend\l3backend-pdftex.def
File: l3backend-pdftex.def 2024-01-04 L3 backend support: PDF output (pdfTeX)
\l__color_backend_stack_int=\count450
\l__pdf_internal_box=\box70
))
Package biblatex Info: ... and expl3
(biblatex)             2024-01-04 L3 programming layer (loader) 
(biblatex)             is new enough (at least 2020/04/06),
(biblatex)             setting 'casechanger=expl3'.
 (C:\Users\usuario\AppData\Local\Programs\MiKTeX\tex/latex/biblatex\blx-case-expl3.sty (C:\Users\usuario\AppData\Local\Programs\MiKTeX\tex/latex/l3packages/xparse\xparse.sty
Package: xparse 2023-10-10 L3 Experimental document command parser
)
Package: blx-case-expl3 2023/03/05 v3.19 expl3 case changing code for biblatex
)) (C:\Users\usuario\AppData\Local\Programs\MiKTeX\tex/latex/makecell\makecell.sty
Package: makecell 2009/08/03 V0.1e Managing of Tab Column Heads and Cells
\rotheadsize=\dimen256
\c@nlinenum=\count451
\TeXr@lab=\toks42
) (C:\Users\usuario\AppData\Local\Programs\MiKTeX\tex/latex/hyperref\hyperref.sty
Package: hyperref 2023-11-26 v7.01g Hypertext links for LaTeX
 (C:\Users\usuario\AppData\Local\Programs\MiKTeX\tex/generic/kvdefinekeys\kvdefinekeys.sty
Package: kvdefinekeys 2019-12-19 v1.6 Define keys (HO)
) (C:\Users\usuario\AppData\Local\Programs\MiKTeX\tex/generic/pdfescape\pdfescape.sty
Package: pdfescape 2019/12/09 v1.15 Implements pdfTeX's escape features (HO)
) (C:\Users\usuario\AppData\Local\Programs\MiKTeX\tex/latex/hycolor\hycolor.sty
Package: hycolor 2020-01-27 v1.10 Color options for hyperref/bookmark (HO)
) (C:\Users\usuario\AppData\Local\Programs\MiKTeX\tex/latex/letltxmacro\letltxmacro.sty
Package: letltxmacro 2019/12/03 v1.6 Let assignment for LaTeX macros (HO)
) (C:\Users\usuario\AppData\Local\Programs\MiKTeX\tex/latex/auxhook\auxhook.sty
Package: auxhook 2019-12-17 v1.6 Hooks for auxiliary files (HO)
) (C:\Users\usuario\AppData\Local\Programs\MiKTeX\tex/latex/hyperref\nameref.sty
Package: nameref 2023-11-26 v2.56 Cross-referencing by name of section
 (C:\Users\usuario\AppData\Local\Programs\MiKTeX\tex/latex/refcount\refcount.sty
Package: refcount 2019/12/15 v3.6 Data extraction from label references (HO)
) (C:\Users\usuario\AppData\Local\Programs\MiKTeX\tex/generic/gettitlestring\gettitlestring.sty
Package: gettitlestring 2019/12/15 v1.6 Cleanup title references (HO)
)
\c@section@level=\count452
)
\@linkdim=\dimen257
\Hy@linkcounter=\count453
\Hy@pagecounter=\count454
 (C:\Users\usuario\AppData\Local\Programs\MiKTeX\tex/latex/hyperref\pd1enc.def
File: pd1enc.def 2023-11-26 v7.01g Hyperref: PDFDocEncoding definition (HO)
Now handling font encoding PD1 ...
... no UTF-8 mapping file for font encoding PD1
) (C:\Users\usuario\AppData\Local\Programs\MiKTeX\tex/generic/intcalc\intcalc.sty
Package: intcalc 2019/12/15 v1.3 Expandable calculations with integers (HO)
)
\Hy@SavedSpaceFactor=\count455
 (C:\Users\usuario\AppData\Local\Programs\MiKTeX\tex/latex/hyperref\puenc.def
File: puenc.def 2023-11-26 v7.01g Hyperref: PDF Unicode definition (HO)
Now handling font encoding PU ...
... no UTF-8 mapping file for font encoding PU
)
Package hyperref Info: Hyper figures OFF on input line 4181.
Package hyperref Info: Link nesting OFF on input line 4186.
Package hyperref Info: Hyper index ON on input line 4189.
Package hyperref Info: Plain pages OFF on input line 4196.
Package hyperref Info: Backreferencing OFF on input line 4201.
Package hyperref Info: Implicit mode ON; LaTeX internals redefined.
Package hyperref Info: Bookmarks ON on input line 4448.
\c@Hy@tempcnt=\count456
LaTeX Info: Redefining \url on input line 4786.
\XeTeXLinkMargin=\dimen258
 (C:\Users\usuario\AppData\Local\Programs\MiKTeX\tex/generic/bitset\bitset.sty
Package: bitset 2019/12/09 v1.3 Handle bit-vector datatype (HO)
 (C:\Users\usuario\AppData\Local\Programs\MiKTeX\tex/generic/bigintcalc\bigintcalc.sty
Package: bigintcalc 2019/12/15 v1.5 Expandable calculations on big integers (HO)
))
\Fld@menulength=\count457
\Field@Width=\dimen259
\Fld@charsize=\dimen260
Package hyperref Info: Hyper figures OFF on input line 6065.
Package hyperref Info: Link nesting OFF on input line 6070.
Package hyperref Info: Hyper index ON on input line 6073.
Package hyperref Info: backreferencing OFF on input line 6080.
Package hyperref Info: Link coloring OFF on input line 6085.
Package hyperref Info: Link coloring with OCG OFF on input line 6090.
Package hyperref Info: PDF/A mode OFF on input line 6095.
 (C:\Users\usuario\AppData\Local\Programs\MiKTeX\tex/latex/base\atbegshi-ltx.sty
Package: atbegshi-ltx 2021/01/10 v1.0c Emulation of the original atbegshi
package with kernel methods
)
\Hy@abspage=\count458
\c@Item=\count459
\c@Hfootnote=\count460
)
Package hyperref Info: Driver (autodetected): hpdftex.
 (C:\Users\usuario\AppData\Local\Programs\MiKTeX\tex/latex/hyperref\hpdftex.def
File: hpdftex.def 2023-11-26 v7.01g Hyperref driver for pdfTeX
 (C:\Users\usuario\AppData\Local\Programs\MiKTeX\tex/latex/base\atveryend-ltx.sty
Package: atveryend-ltx 2020/08/19 v1.0a Emulation of the original atveryend package
with kernel methods
)
\Fld@listcount=\count461
\c@bookmark@seq@number=\count462
 (C:\Users\usuario\AppData\Local\Programs\MiKTeX\tex/latex/rerunfilecheck\rerunfilecheck.sty
Package: rerunfilecheck 2022-07-10 v1.10 Rerun checks for auxiliary files (HO)
 (C:\Users\usuario\AppData\Local\Programs\MiKTeX\tex/generic/uniquecounter\uniquecounter.sty
Package: uniquecounter 2019/12/15 v1.4 Provide unlimited unique counter (HO)
)
Package uniquecounter Info: New unique counter `rerunfilecheck' on input line 285.
)
\Hy@SectionHShift=\skip106
)

Package hyperref Warning: Unexpected value for option `hidelinks'
(hyperref)                is ignored on input line 81.

Package hyperref Info: Option `colorlinks' set `false' on input line 81.
(C:\Users\usuario\AppData\Local\Programs\MiKTeX\tex/latex/cleveref\cleveref.sty
Package: cleveref 2018/03/27 v0.21.4 Intelligent cross-referencing
Package cleveref Info: `hyperref' support loaded on input line 2370.
LaTeX Info: Redefining \cref on input line 2370.
LaTeX Info: Redefining \Cref on input line 2370.
LaTeX Info: Redefining \crefrange on input line 2370.
LaTeX Info: Redefining \Crefrange on input line 2370.
LaTeX Info: Redefining \cpageref on input line 2370.
LaTeX Info: Redefining \Cpageref on input line 2370.
LaTeX Info: Redefining \cpagerefrange on input line 2370.
LaTeX Info: Redefining \Cpagerefrange on input line 2370.
LaTeX Info: Redefining \labelcref on input line 2370.
LaTeX Info: Redefining \labelcpageref on input line 2370.
Package cleveref Info: `amsthm' support loaded on input line 3026.
Package cleveref Info: `listings' support loaded on input line 3131.
Package cleveref Info: `subfig' support loaded on input line 3164.
)) (C:\Users\usuario\AppData\Local\Programs\MiKTeX\tex/latex/glossaries/base\glossaries.sty
Package: glossaries 2025/03/19 v4.58 (NLCT)
 (C:\Users\usuario\AppData\Local\Programs\MiKTeX\tex/latex/xkeyval\xkeyval.sty
Package: xkeyval 2022/06/16 v2.9 package option processing (HA)
 (C:\Users\usuario\AppData\Local\Programs\MiKTeX\tex/generic/xkeyval\xkeyval.tex (C:\Users\usuario\AppData\Local\Programs\MiKTeX\tex/generic/xkeyval\xkvutils.tex
\XKV@toks=\toks43
\XKV@tempa@toks=\toks44
)
\XKV@depth=\count463
File: xkeyval.tex 2014/12/03 v2.7a key=value parser (HA)
)) (C:\Users\usuario\AppData\Local\Programs\MiKTeX\tex/latex/mfirstuc\mfirstuc.sty
Package: mfirstuc 2022/10/14 v2.08 (NLCT)
\@glsmfirst=\toks45
\@glsmrest=\toks46
) (C:\Users\usuario\AppData\Local\Programs\MiKTeX\tex/latex/xfor\xfor.sty
Package: xfor 2009/02/05 v1.05 (NLCT)
) (C:\Users\usuario\AppData\Local\Programs\MiKTeX\tex/latex/datatool\datatool-base.sty
Package: datatool-base 2025/03/14 v3.2 (NLCT)
 (C:\Users\usuario\AppData\Local\Programs\MiKTeX\tex/latex/tracklang\tracklang.sty
Package: tracklang 2025/03/11 v1.6.6 (NLCT) Track Languages
 (C:\Users\usuario\AppData\Local\Programs\MiKTeX\tex/generic/tracklang\tracklang.tex)) (C:\Users\usuario\AppData\Local\Programs\MiKTeX\tex/latex/datatool\datatool-l3fp.def
File: datatool-l3fp.def 2025/03/14 v3.2 (NLCT)
)
\@dtl@toks=\toks47
\@dtl@tmpcount=\count464
\dtl@tmplength=\skip107
\l__datatool_measure_box=\box71
\dtl@sortresult=\count465
 (C:\Users\usuario\AppData\Local\Programs\MiKTeX\tex/latex/datatool\datatool-utf8.ldf
File: datatool-utf8.ldf 2025/03/14 v3.2 (NLCT)
)
\@dtl@datatype=\count466
\l__datatool_tmpa_int=\count467
\l__datatool_tmpb_int=\count468
\l__datatool_tmpc_int=\count469
\l__datatool_tmpd_int=\count470
\l__datatool_count_int=\count471
\l__datatool_tmp_datatype_int=\count472
\l__datatool_tmpa_dim=\dimen261
\l__datatool_tmpb_dim=\dimen262
\c_datatool_unknown_int=\count473
\l__datatool_year_int=\count474
\l__datatool_month_int=\count475
\l__datatool_day_int=\count476
\l__datatool_hour_int=\count477
\l__datatool_minute_int=\count478
\l__datatool_second_int=\count479
\l__datatool_tzhour_int=\count480
\l__datatool_tzminute_int=\count481
\l__datatool_julian_int=\count482
\l__datatool_local_julian_int=\count483
\l__datatool_prefix_int=\count484
\l__datatool_suffix_int=\count485
\@dtl@foreach@level=\count486
\dtl@codeA=\count487
\dtl@codeB=\count488
)
\gls@level=\count489
\@gls@tmpb=\toks48
\gls@tmplen=\skip108
\glskeylisttok=\toks49
\glslabeltok=\toks50
\glsshorttok=\toks51
\glslongtok=\toks52
 (C:\Users\usuario\AppData\Local\Programs\MiKTeX\tex/latex/glossaries/styles\glossary-hypernav.sty
Package: glossary-hypernav 2025/03/19 v4.58 (NLCT)
) (C:\Users\usuario\AppData\Local\Programs\MiKTeX\tex/latex/glossaries/styles\glossary-list.sty
Package: glossary-list 2025/03/19 v4.58 (NLCT)
\glslistdottedwidth=\skip109
) (C:\Users\usuario\AppData\Local\Programs\MiKTeX\tex/latex/glossaries/styles\glossary-long.sty
Package: glossary-long 2025/03/19 v4.58 (NLCT)
 (C:\Users\usuario\AppData\Local\Programs\MiKTeX\tex/latex/tools\longtable.sty
Package: longtable 2023-11-01 v4.19 Multi-page Table package (DPC)
\LTleft=\skip110
\LTright=\skip111
\LTpre=\skip112
\LTpost=\skip113
\LTchunksize=\count490
\LTcapwidth=\dimen263
\LT@head=\box72
\LT@firsthead=\box73
\LT@foot=\box74
\LT@lastfoot=\box75
\LT@gbox=\box76
\LT@cols=\count491
\LT@rows=\count492
\c@LT@tables=\count493
\c@LT@chunks=\count494
\LT@p@ftn=\toks53
)
\glsdescwidth=\skip114
\glspagelistwidth=\skip115
) (C:\Users\usuario\AppData\Local\Programs\MiKTeX\tex/latex/glossaries/styles\glossary-super.sty
Package: glossary-super 2025/03/19 v4.58 (NLCT)
 (C:\Users\usuario\AppData\Local\Programs\MiKTeX\tex/latex/supertabular\supertabular.sty
Package: supertabular 2024/07/20 v4.2c the supertabular environment
\c@tracingst=\count495
\ST@wd=\dimen264
\ST@rightskip=\skip116
\ST@leftskip=\skip117
\ST@parfillskip=\skip118
\ST@pageleft=\dimen265
\ST@headht=\dimen266
\ST@tailht=\dimen267
\ST@pagesofar=\dimen268
\ST@pboxht=\dimen269
\ST@rowht=\dimen270
\ST@prevht=\dimen271
\ST@toadd=\dimen272
\ST@dimen=\dimen273
\ST@pbox=\box77
)) (C:\Users\usuario\AppData\Local\Programs\MiKTeX\tex/latex/glossaries/styles\glossary-tree.sty
Package: glossary-tree 2025/03/19 v4.58 (NLCT)
\glstreeindent=\skip119
))
\glswrite=\write5
\glo@main@file=\write6
\openout6 = `main.glo'.

Package glossaries Info: Writing glossary file main.glo on input line 7.
\glo@acronym@file=\write7
\openout7 = `main.acn'.

Package glossaries Info: Writing glossary file main.acn on input line 7.
 (chapters/acronyms.tex)
Package translations Info: No language package found. I am going to use `english' as default language. on input line 15.
\@quotelevel=\count496
\@quotereset=\count497
 (main.aux (chapters/acknowledgement.aux) (chapters/chapter01.aux) (chapters/chapter02.aux

LaTeX Warning: Label `fig:PDO_Intro' multiply defined.


LaTeX Warning: Label `fig:PDO_Intro@cref' multiply defined.

) (chapters/conclusion.aux))
\openout1 = `main.aux'.

LaTeX Font Info:    Checking defaults for OML/cmm/m/it on input line 15.
LaTeX Font Info:    ... okay on input line 15.
LaTeX Font Info:    Checking defaults for OMS/cmsy/m/n on input line 15.
LaTeX Font Info:    ... okay on input line 15.
LaTeX Font Info:    Checking defaults for OT1/cmr/m/n on input line 15.
LaTeX Font Info:    ... okay on input line 15.
LaTeX Font Info:    Checking defaults for T1/cmr/m/n on input line 15.
LaTeX Font Info:    ... okay on input line 15.
LaTeX Font Info:    Checking defaults for TS1/cmr/m/n on input line 15.
LaTeX Font Info:    ... okay on input line 15.
LaTeX Font Info:    Checking defaults for OMX/cmex/m/n on input line 15.
LaTeX Font Info:    ... okay on input line 15.
LaTeX Font Info:    Checking defaults for U/cmr/m/n on input line 15.
LaTeX Font Info:    ... okay on input line 15.
LaTeX Font Info:    Checking defaults for PD1/pdf/m/n on input line 15.
LaTeX Font Info:    ... okay on input line 15.
LaTeX Font Info:    Checking defaults for PU/pdf/m/n on input line 15.
LaTeX Font Info:    ... okay on input line 15.
 (C:\Users\usuario\AppData\Local\Programs\MiKTeX\tex/context/base/mkii\supp-pdf.mkii
[Loading MPS to PDF converter (version 2006.09.02).]
\scratchcounter=\count498
\scratchdimen=\dimen274
\scratchbox=\box78
\nofMPsegments=\count499
\nofMParguments=\count500
\everyMPshowfont=\toks54
\MPscratchCnt=\count501
\MPscratchDim=\dimen275
\MPnumerator=\count502
\makeMPintoPDFobject=\count503
\everyMPtoPDFconversion=\toks55
) (C:\Users\usuario\AppData\Local\Programs\MiKTeX\tex/latex/epstopdf-pkg\epstopdf-base.sty
Package: epstopdf-base 2020-01-24 v2.11 Base part for package epstopdf
Package epstopdf-base Info: Redefining graphics rule for `.eps' on input line 485.
 (C:\Users\usuario\AppData\Local\Programs\MiKTeX\tex/latex/00miktex\epstopdf-sys.cfg
File: epstopdf-sys.cfg 2021/03/18 v2.0 Configuration of epstopdf for MiKTeX
))
*geometry* driver: auto-detecting
*geometry* detected driver: pdftex
*geometry* verbose mode - [ preamble ] result:
* driver: pdftex
* paper: a4paper
* layout: <same size as paper>
* layoutoffset:(h,v)=(0.0pt,0.0pt)
* modes: twoside 
* h-part:(L,W,R)=(68.28659pt, 426.79134pt, 102.42995pt)
* v-part:(T,H,B)=(71.13188pt, 702.78308pt, 71.13188pt)
* \paperwidth=597.50787pt
* \paperheight=845.04684pt
* \textwidth=426.79134pt
* \textheight=702.78308pt
* \oddsidemargin=-3.9834pt
* \evensidemargin=30.15996pt
* \topmargin=-38.1381pt
* \headheight=15.0pt
* \headsep=25.0pt
* \topskip=12.0pt
* \footskip=30.0pt
* \marginparwidth=95.0pt
* \marginparsep=10.0pt
* \columnsep=10.0pt
* \skip\footins=10.8pt plus 4.0pt minus 2.0pt
* \hoffset=0.0pt
* \voffset=0.0pt
* \mag=1000
* \@twocolumnfalse
* \@twosidetrue
* \@mparswitchtrue
* \@reversemarginfalse
* (1in=72.27pt=25.4mm, 1cm=28.453pt)

(C:\Users\usuario\AppData\Local\Programs\MiKTeX\tex/latex/translations/dicts\translations-basic-dictionary-english.trsl
File: translations-basic-dictionary-english.trsl (english translation file `translations-basic-dictionary')
)
Package translations Info: loading dictionary `translations-basic-dictionary' for `english'. on input line 15.
Package caption Info: Begin \AtBeginDocument code.
Package caption Info: subfig package v1.3 is loaded.
Package caption Info: float package is loaded.
Package caption Info: hyperref package is loaded.
Package caption Info: listings package is loaded.
Package caption Info: longtable package is loaded.
 (C:\Users\usuario\AppData\Local\Programs\MiKTeX\tex/latex/caption\ltcaption.sty
Package: ltcaption 2021/01/08 v1.4c longtable captions (AR)
)
Package caption Info: supertabular package is loaded.
Package caption Info: End \AtBeginDocument code.
\symgns@font=\mathgroup7
LaTeX Font Info:    Overwriting symbol font `gns@font' in version `bold'
(Font)                  TS1/cmr/m/n --> TS1/cmr/b/n on input line 15.
Package gensymb Info: Math companion symbols declared on input line 15.
LaTeX Info: Redefining \degree on input line 15.
LaTeX Info: Redefining \celsius on input line 15.
Package gensymb Info: Using text companion symbols for \degree, \celsius and \perthousand on input line 15.
LaTeX Info: Redefining \ohm on input line 15.
Package gensymb Info: Using \textohm for \ohm on input line 15.
LaTeX Info: Redefining \micro on input line 15.
Package gensymb Info: Using \textmu for \micro on input line 15.
\c@lstlisting=\count504
Package biblatex Info: Trying to load language 'english'...
Package biblatex Info: ... file 'english.lbx' found.
 (C:\Users\usuario\AppData\Local\Programs\MiKTeX\tex/latex/biblatex/lbx\english.lbx
File: english.lbx 2023/03/05 v3.19 biblatex localization (PK/MW)
)
Package biblatex Info: Input encoding 'utf8' detected.
Package biblatex Info: Automatic encoding selection.
(biblatex)             Assuming data encoding 'utf8'.
\openout4 = `main.bcf'.

Package biblatex Info: Trying to load bibliographic data...
Package biblatex Info: ... file 'main.bbl' found.
 (main.bbl)
Package biblatex Info: Reference section=0 on input line 15.
Package biblatex Info: Reference segment=0 on input line 15.
Package hyperref Info: Link coloring OFF on input line 15.
 (main.out) (main.out)
\@outlinefile=\write8
\openout8 = `main.out'.

<./images/logoUS_IMSE.png, id=91, 1226.5825pt x 229.85875pt>
File: ./images/logoUS_IMSE.png Graphic file (type png)
<use ./images/logoUS_IMSE.png>
Package pdftex.def Info: ./images/logoUS_IMSE.png  used on input line 19.
(pdftex.def)             Requested size: 426.79134pt x 79.97826pt.
 [1

\openout5 = `main.ist'.

{C:/Users/usuario/AppData/Local/MiKTeX/fonts/map/pdftex/pdftex.map} <./images/logoUS_IMSE.png>] [2

]
\openout2 = `chapters/acknowledgement.aux'.

 (chapters/acknowledgement.tex) [3

] (main.gls) (main.acr [4



]) [5


] (main.toc
LaTeX Font Info:    Trying to load font information for U+msa on input line 2.
 (C:\Users\usuario\AppData\Local\Programs\MiKTeX\tex/latex/amsfonts\umsa.fd
File: umsa.fd 2013/01/14 v3.01 AMS symbols A
)
LaTeX Font Info:    Trying to load font information for U+msb on input line 2.
 (C:\Users\usuario\AppData\Local\Programs\MiKTeX\tex/latex/amsfonts\umsb.fd
File: umsb.fd 2013/01/14 v3.01 AMS symbols B
)
LaTeX Font Info:    Trying to load font information for U+rsfs on input line 2.
 (C:\Users\usuario\AppData\Local\Programs\MiKTeX\tex/latex/jknappen\ursfs.fd
File: ursfs.fd 1998/03/24 rsfs font definition file (jk)
) [6

])
\tf@toc=\write9
\openout9 = `main.toc'.

 [7] (main.lof [8

]
Overfull \hbox (9.64725pt too wide) in paragraph at lines 14--14
 [][] [][]\OT1/cmr/m/n/12 Mean rel-a-tive er-ror with er-ror bars for 10th-quantiles and 90th-quantiles 
 []

)
\tf@lof=\write10
\openout10 = `main.lof'.

 [9] (main.lot)
\tf@lot=\write11
\openout11 = `main.lot'.

 [10

]
Chapter 1.
[11

]
\openout2 = `chapters/chapter01.aux'.

 (chapters/chapter01.tex [12

]

pdfTeX warning: pdflatex (file ./images/DATE.pdf): PDF inclusion: found PDF version <1.7>, but at most version <1.5> allowed
<images/DATE.pdf, id=421, 581.2917pt x 166.7028pt>
File: images/DATE.pdf Graphic file (type pdf)
<use images/DATE.pdf>
Package pdftex.def Info: images/DATE.pdf  used on input line 10.
(pdftex.def)             Requested size: 426.79134pt x 118.94046pt.
[13 <./images/DATE.pdf>]) [14] [15]
Chapter 2.
[16



]
\openout2 = `chapters/chapter02.aux'.

 (chapters/chapter02.tex [17

]
Overfull \hbox (18.78622pt too wide) in paragraph at lines 25--25
[]\OT1/cmr/bx/n/17.28 Calculating BTI degra-da-tion with defect-centric
 []

<images/ch2/plot_pocc_ddefect_together.pdf, id=547, 420.60544pt x 125.26974pt>
File: images/ch2/plot_pocc_ddefect_together.pdf Graphic file (type pdf)
<use images/ch2/plot_pocc_ddefect_together.pdf>
Package pdftex.def Info: images/ch2/plot_pocc_ddefect_together.pdf  used on input line 29.
(pdftex.def)             Requested size: 426.79134pt x 125.67043pt.

Package fancyhdr Warning: \headheight is too small (15.0pt): 
(fancyhdr)                Make it at least 27.05003pt, for example:
(fancyhdr)                \setlength{\headheight}{27.05003pt}.
(fancyhdr)                You might also make \topmargin smaller:
(fancyhdr)                \addtolength{\topmargin}{-12.05003pt}.

[18]

Package fancyhdr Warning: \headheight is too small (15.0pt): 
(fancyhdr)                Make it at least 27.05003pt, for example:
(fancyhdr)                \setlength{\headheight}{27.05003pt}.
(fancyhdr)                You might also make \topmargin smaller:
(fancyhdr)                \addtolength{\topmargin}{-12.05003pt}.

[19 <./images/ch2/plot_pocc_ddefect_together.pdf>]

Package fancyhdr Warning: \headheight is too small (15.0pt): 
(fancyhdr)                Make it at least 27.05003pt, for example:
(fancyhdr)                \setlength{\headheight}{27.05003pt}.
(fancyhdr)                You might also make \topmargin smaller:
(fancyhdr)                \addtolength{\topmargin}{-12.05003pt}.

[20]
Overfull \hbox (4.19864pt too wide) in paragraph at lines 84--86
\OT1/cmr/m/n/12 Different ap-proaches have been used to solve the is-sue of bring-ing workload-dependent
 []

[21]

pdfTeX warning: pdflatex (file ./images/ch2/WaveformRepresentationsSect2.pdf): PDF inclusion: found PDF version <1.7>, but at most version <1.5> allowed
<images/ch2/WaveformRepresentationsSect2.pdf, id=664, 266.91718pt x 144.54pt>
File: images/ch2/WaveformRepresentationsSect2.pdf Graphic file (type pdf)
<use images/ch2/WaveformRepresentationsSect2.pdf>
Package pdftex.def Info: images/ch2/WaveformRepresentationsSect2.pdf  used on input line 90.
(pdftex.def)             Requested size: 204.85802pt x 118.93112pt.
[22 <./images/ch2/WaveformRepresentationsSect2.pdf>] [23]

pdfTeX warning: pdflatex (file ./images/ch2/FrameworkCellweaver.pdf): PDF inclusion: found PDF version <1.7>, but at most version <1.5> allowed
<images/ch2/FrameworkCellweaver.pdf, id=740, 359.42279pt x 245.9589pt>
File: images/ch2/FrameworkCellweaver.pdf Graphic file (type pdf)
<use images/ch2/FrameworkCellweaver.pdf>
Package pdftex.def Info: images/ch2/FrameworkCellweaver.pdf  used on input line 136.
(pdftex.def)             Requested size: 204.85802pt x 151.14171pt.
[24 <./images/ch2/FrameworkCellweaver.pdf>] [25]

pdfTeX warning: pdflatex (file ./images/ch2/GateLevelCompression.pdf): PDF inclusion: found PDF version <1.7>, but at most version <1.5> allowed
<images/ch2/GateLevelCompression.pdf, id=787, 336.29637pt x 235.8411pt>
File: images/ch2/GateLevelCompression.pdf Graphic file (type pdf)
<use images/ch2/GateLevelCompression.pdf>
Package pdftex.def Info: images/ch2/GateLevelCompression.pdf  used on input line 178.
(pdftex.def)             Requested size: 204.85802pt x 141.344pt.
[26 <./images/ch2/GateLevelCompression.pdf>]

pdfTeX warning: pdflatex (file ./images/ch2/CDWvsSuperCDW.pdf): PDF inclusion: found PDF version <1.7>, but at most version <1.5> allowed
<images/ch2/CDWvsSuperCDW.pdf, id=827, 316.3017pt x 315.09718pt>
File: images/ch2/CDWvsSuperCDW.pdf Graphic file (type pdf)
<use images/ch2/CDWvsSuperCDW.pdf>
Package pdftex.def Info: images/ch2/CDWvsSuperCDW.pdf  used on input line 210.
(pdftex.def)             Requested size: 204.85802pt x 245.19041pt.
[27] [28 <./images/ch2/CDWvsSuperCDW.pdf>]

pdfTeX warning: pdflatex (file ./images/ch2/CDWTestPoints.pdf): PDF inclusion: found PDF version <1.7>, but at most version <1.5> allowed
<images/ch2/CDWTestPoints.pdf, id=903, 336.29637pt x 207.65579pt>
File: images/ch2/CDWTestPoints.pdf Graphic file (type pdf)
<use images/ch2/CDWTestPoints.pdf>
Package pdftex.def Info: images/ch2/CDWTestPoints.pdf  used on input line 219.
(pdftex.def)             Requested size: 204.85802pt x 135.57497pt.
<images/ch2/joint_plot_vth_difference_sign_finish.pdf, id=905, 497.94029pt x 136.63179pt>
File: images/ch2/joint_plot_vth_difference_sign_finish.pdf Graphic file (type pdf)
<use images/ch2/joint_plot_vth_difference_sign_finish.pdf>
Package pdftex.def Info: images/ch2/joint_plot_vth_difference_sign_finish.pdf  used on input line 224.
(pdftex.def)             Requested size: 426.79134pt x 117.1091pt.
<images/ch2/MAC_bit_distribution.pdf, id=913, 225.87135pt x 118.35687pt>
File: images/ch2/MAC_bit_distribution.pdf Graphic file (type pdf)
<use images/ch2/MAC_bit_distribution.pdf>
Package pdftex.def Info: images/ch2/MAC_bit_distribution.pdf  used on input line 240.
(pdftex.def)             Requested size: 225.87079pt x 118.35657pt.
[29 <./images/ch2/CDWTestPoints.pdf> <./images/ch2/joint_plot_vth_difference_sign_finish.pdf>]

pdfTeX warning: pdflatex (file ./images/ch2/WaveformRepresentationsSect4.pdf): PDF inclusion: found PDF version <1.7>, but at most version <1.5> allowed
<images/ch2/WaveformRepresentationsSect4.pdf, id=980, 318.22888pt x 321.11969pt>
File: images/ch2/WaveformRepresentationsSect4.pdf Graphic file (type pdf)
<use images/ch2/WaveformRepresentationsSect4.pdf>
Package pdftex.def Info: images/ch2/WaveformRepresentationsSect4.pdf  used on input line 250.
(pdftex.def)             Requested size: 204.85802pt x 214.67223pt.
[30 <./images/ch2/MAC_bit_distribution.pdf>] [31 <./images/ch2/WaveformRepresentationsSect4.pdf>]
<images/ch2/execution_time_report_plot.pdf, id=1038, 222.58557pt x 248.17688pt>
File: images/ch2/execution_time_report_plot.pdf Graphic file (type pdf)
<use images/ch2/execution_time_report_plot.pdf>
Package pdftex.def Info: images/ch2/execution_time_report_plot.pdf  used on input line 277.
(pdftex.def)             Requested size: 204.85802pt x 223.17899pt.
<images/ch2/mean_error_bar_scatter_report_plot.pdf, id=1044, 220.48373pt x 119.4364pt>
File: images/ch2/mean_error_bar_scatter_report_plot.pdf Graphic file (type pdf)
<use images/ch2/mean_error_bar_scatter_report_plot.pdf>
Package pdftex.def Info: images/ch2/mean_error_bar_scatter_report_plot.pdf  used on input line 285.
(pdftex.def)             Requested size: 204.85802pt x 108.33435pt.
 [32 <./images/ch2/execution_time_report_plot.pdf>] [33 <./images/ch2/mean_error_bar_scatter_report_plot.pdf>]
<images/ch2/absolute_error_histogram_plot.pdf, id=1103, 200.6862pt x 250.88315pt>
File: images/ch2/absolute_error_histogram_plot.pdf Graphic file (type pdf)
<use images/ch2/absolute_error_histogram_plot.pdf>
Package pdftex.def Info: images/ch2/absolute_error_histogram_plot.pdf  used on input line 292.
(pdftex.def)             Requested size: 204.85802pt x 253.21101pt.
<images/ch2/box_cellwise_delay.pdf, id=1107, 230.64355pt x 383.27524pt>
File: images/ch2/box_cellwise_delay.pdf Graphic file (type pdf)
<use images/ch2/box_cellwise_delay.pdf>
Package pdftex.def Info: images/ch2/box_cellwise_delay.pdf  used on input line 339.
(pdftex.def)             Requested size: 204.85802pt x 340.42378pt.
 [34 <./images/ch2/absolute_error_histogram_plot.pdf>] [35] [36 <./images/ch2/box_cellwise_delay.pdf>]
<images/ch2/error_delay_report_plot.pdf, id=1161, 234.1454pt x 353.20268pt>
File: images/ch2/error_delay_report_plot.pdf Graphic file (type pdf)
<use images/ch2/error_delay_report_plot.pdf>
Package pdftex.def Info: images/ch2/error_delay_report_plot.pdf  used on input line 351.
(pdftex.def)             Requested size: 204.85802pt x 309.02463pt.
 [37 <./images/ch2/error_delay_report_plot.pdf>]
<images/ch2/delay_error_frequency_dependence.pdf, id=1198, 227.88812pt x 316.09995pt>
File: images/ch2/delay_error_frequency_dependence.pdf Graphic file (type pdf)
<use images/ch2/delay_error_frequency_dependence.pdf>
Package pdftex.def Info: images/ch2/delay_error_frequency_dependence.pdf  used on input line 361.
(pdftex.def)             Requested size: 204.85802pt x 284.16898pt.
<images/ch2/absolute_error_histogram_plot_tau6.pdf, id=1200, 200.6862pt x 250.88159pt>
File: images/ch2/absolute_error_histogram_plot_tau6.pdf Graphic file (type pdf)
<use images/ch2/absolute_error_histogram_plot_tau6.pdf>
Package pdftex.def Info: images/ch2/absolute_error_histogram_plot_tau6.pdf  used on input line 366.
(pdftex.def)             Requested size: 196.32687pt x 242.66142pt.
 [38 <./images/ch2/delay_error_frequency_dependence.pdf>] [39 <./images/ch2/absolute_error_histogram_plot_tau6.pdf>]) [40]
Chapter 3.
[41



]
\openout2 = `chapters/conclusion.aux'.

 (chapters/conclusion.tex) [42

]
Overfull \hbox (13.87852pt too wide) in paragraph at lines 49--49
[]\OT1/cmr/m/n/12 F. Klemme and H. Am-rouch, ``Ef-fi-cient Learn-ing Strate-gies for Ma-chine Learning-
 []

[43



]
Overfull \hbox (67.87196pt too wide) in paragraph at lines 49--49
\OT1/cmr/m/n/12 ``De-sign-ing Guard-bands for In-stan-ta-neous Ag-ing Ef-fects,'' in \OT1/cmr/m/it/12 Proc. 53nd ACM/EDAC/IEEE
 []


Overfull \hbox (11.07318pt too wide) in paragraph at lines 49--49
[]\OT1/cmr/m/n/12 L. Duch et al., ``Anal-y-sis of Func-tional Er-rors Pro-duced by Long-Term Workload-
 []

[44] [45]
Overfull \hbox (16.00783pt too wide) in paragraph at lines 49--49
[]\OT1/cmr/m/n/12 A. Thirunavukkarasu et al., ``De-vice to Cir-cuit Frame-work for Activity-Dependent
 []


Overfull \hbox (8.0847pt too wide) in paragraph at lines 49--49
\OT1/cmr/m/n/12 ness-ing per-for-mance vari-abil-ity in em-bed-ded and high-performance many/multi-
 []

[46] [47] 
AED: lastpage setting LastPage
(main.aux (chapters/acknowledgement.aux) (chapters/chapter01.aux) (chapters/chapter02.aux) (chapters/conclusion.aux))
 ***********
LaTeX2e <2023-11-01> patch level 1
L3 programming layer <2024-01-04>
 ***********


LaTeX Warning: There were multiply-defined labels.

Package rerunfilecheck Info: File `main.out' has not changed.
(rerunfilecheck)             Checksum: FB49B577EDE0D49DCA3081233B08D1C0;3885.
Package logreq Info: Writing requests to 'main.run.xml'.
\openout1 = `main.run.xml'.

 ) 
Here is how much of TeX's memory you used:
 36336 strings out of 474485
 741534 string characters out of 5742790
 1947542 words of memory out of 5000000
 58009 multiletter control sequences out of 15000+600000
 568069 words of font info for 73 fonts, out of 8000000 for 9000
 1141 hyphenation exceptions out of 8191
 78i,17n,84p,3748b,2118s stack positions out of 10000i,1000n,20000p,200000b,200000s
 <C:\Users\usuario\AppData\Local\MiKTeX\fonts/pk/ljfour/jknappen/ec/dpi600\tcrm1200.pk><C:/Users/usuario/AppData/Local/Programs/MiKTeX/fonts/type1/public/amsfonts/cm/cmbx12.pfb><C:/Users/usuario/AppData/Local/Programs/MiKTeX/fonts/type1/public/amsfonts/cm/cmcsc10.pfb><C:/Users/usuario/AppData/Local/Programs/MiKTeX/fonts/type1/public/amsfonts/cm/cmex10.pfb><C:/Users/usuario/AppData/Local/Programs/MiKTeX/fonts/type1/public/amsfonts/cmextra/cmex8.pfb><C:/Users/usuario/AppData/Local/Programs/MiKTeX/fonts/type1/public/amsfonts/cm/cmmi10.pfb><C:/Users/usuario/AppData/Local/Programs/MiKTeX/fonts/type1/public/amsfonts/cm/cmmi12.pfb><C:/Users/usuario/AppData/Local/Programs/MiKTeX/fonts/type1/public/amsfonts/cm/cmmi6.pfb><C:/Users/usuario/AppData/Local/Programs/MiKTeX/fonts/type1/public/amsfonts/cm/cmmi8.pfb><C:/Users/usuario/AppData/Local/Programs/MiKTeX/fonts/type1/public/amsfonts/cm/cmr10.pfb><C:/Users/usuario/AppData/Local/Programs/MiKTeX/fonts/type1/public/amsfonts/cm/cmr12.pfb><C:/Users/usuario/AppData/Local/Programs/MiKTeX/fonts/type1/public/amsfonts/cm/cmr17.pfb><C:/Users/usuario/AppData/Local/Programs/MiKTeX/fonts/type1/public/amsfonts/cm/cmr6.pfb><C:/Users/usuario/AppData/Local/Programs/MiKTeX/fonts/type1/public/amsfonts/cm/cmr8.pfb><C:/Users/usuario/AppData/Local/Programs/MiKTeX/fonts/type1/public/amsfonts/cm/cmsy10.pfb><C:/Users/usuario/AppData/Local/Programs/MiKTeX/fonts/type1/public/amsfonts/cm/cmsy8.pfb><C:/Users/usuario/AppData/Local/Programs/MiKTeX/fonts/type1/public/amsfonts/cm/cmti12.pfb><C:/Users/usuario/AppData/Local/Programs/MiKTeX/fonts/type1/public/amsfonts/cm/cmtt12.pfb><C:/Users/usuario/AppData/Local/Programs/MiKTeX/fonts/type1/urw/times/utmr8a.pfb><C:/Users/usuario/AppData/Local/Programs/MiKTeX/fonts/type1/urw/times/utmri8a.pfb>
Output written on main.pdf (47 pages, 7081496 bytes).
PDF statistics:
 1484 PDF objects out of 1728 (max. 8388607)
 166 named destinations out of 1000 (max. 500000)
 363 words of extra memory for PDF output out of 10000 (max. 10000000)

